<?xml version="1.0" encoding="UTF-8"?>
<testsuite name="MainTest" tests="1" skipped="0" failures="0" errors="0" timestamp="2020-12-02T14:43:13" hostname="SAM-MAIN-PC" time="2.025">
  <properties/>
  <testcase name="mainTest" classname="MainTest" time="2.025"/>
  <system-out><![CDATA[3
2
1
7
1
0
]]></system-out>
  <system-err><![CDATA[]]></system-err>
</testsuite>
