<?xml version="1.0" encoding="UTF-8"?>
<testsuite name="MainTest" tests="1" skipped="0" failures="0" errors="0" timestamp="2020-12-02T14:46:24" hostname="SAM-MAIN-PC" time="0.052">
  <properties/>
  <testcase name="mainTest" classname="MainTest" time="0.052"/>
  <system-out><![CDATA[-1
-3
-4
-2
1
0
]]></system-out>
  <system-err><![CDATA[Dec 02, 2020 8:16:24 PM com.almworks.sqlite4java.Internal log
INFO: [sqlite] DB[1]: instantiated [D:\g-drive\sam\dbs\programming-articles.db]
Dec 02, 2020 8:16:24 PM com.almworks.sqlite4java.Internal log
INFO: [sqlite] Internal: loaded sqlite4java-win32-x64-1.0.392 from system path
Dec 02, 2020 8:16:24 PM com.almworks.sqlite4java.Internal log
INFO: [sqlite] Internal: loaded sqlite 3.8.7, wrapper 1.3
Dec 02, 2020 8:16:24 PM com.almworks.sqlite4java.Internal log
INFO: [sqlite] DB[1]: opened
Dec 02, 2020 8:16:24 PM com.almworks.sqlite4java.Internal log
INFO: [sqlite] DB[1]: connection closed
]]></system-err>
</testsuite>
